----------

Thu Feb 12 2026 17:01:34 GMT-0600 (Central Standard Time)

warning: in the working copy of 'assets/bootstrap/css/bootstrap.min.css', LF will be replaced by CRLF the next time Git touches it


----------

Thu Feb 12 2026 17:01:34 GMT-0600 (Central Standard Time)

warning: in the working copy of 'assets/bootstrap/js/bootstrap.min.js', LF will be replaced by CRLF the next time Git touches it


----------

Thu Feb 12 2026 17:01:34 GMT-0600 (Central Standard Time)

warning: in the working copy of 'assets/img/Footer.svg', LF will be replaced by CRLF the next time Git touches it


----------

Thu Feb 12 2026 17:01:35 GMT-0600 (Central Standard Time)

To https://github.com/marsymcmarsface/marsymcmarsface.github.io.git
   4d02375..26c1782  main -> main


----------

Thu Feb 12 2026 17:04:42 GMT-0600 (Central Standard Time)

warning: in the working copy of 'assets/bootstrap/css/bootstrap.min.css', LF will be replaced by CRLF the next time Git touches it


----------

Thu Feb 12 2026 17:04:42 GMT-0600 (Central Standard Time)

warning: in the working copy of 'assets/bootstrap/js/bootstrap.min.js', LF will be replaced by CRLF the next time Git touches it


----------

Thu Feb 12 2026 17:04:42 GMT-0600 (Central Standard Time)

warning: in the working copy of 'assets/img/Footer.svg', LF will be replaced by CRLF the next time Git touches it


----------

Thu Feb 12 2026 17:04:42 GMT-0600 (Central Standard Time)

warning: in the working copy of 'error.log', LF will be replaced by CRLF the next time Git touches it


----------

Thu Feb 12 2026 17:04:44 GMT-0600 (Central Standard Time)

To https://github.com/marsymcmarsface/marsymcmarsface.github.io.git
   26c1782..44ba18a  main -> main


----------

Sun Feb 15 2026 17:00:45 GMT-0600 (Central Standard Time)

warning: in the working copy of 'assets/bootstrap/css/bootstrap.min.css', LF will be replaced by CRLF the next time Git touches it


----------

Sun Feb 15 2026 17:00:45 GMT-0600 (Central Standard Time)

warning: in the working copy of 'assets/bootstrap/js/bootstrap.min.js', LF will be replaced by CRLF the next time Git touches it


----------

Sun Feb 15 2026 17:00:45 GMT-0600 (Central Standard Time)

warning: in the working copy of 'assets/img/Footer.svg', LF will be replaced by CRLF the next time Git touches it


----------

Sun Feb 15 2026 17:00:47 GMT-0600 (Central Standard Time)

To https://github.com/marsymcmarsface/marsymcmarsface.github.io.git
   96f4e72..620157c  main -> main


